<?xml version="1.0" encoding="UTF-8"?>
<testsuite xmlns:xsi="http://www.w3.org/2001/XMLSchema-instance" xsi:noNamespaceSchemaLocation="https://maven.apache.org/surefire/maven-surefire-plugin/xsd/surefire-test-report-3.0.xsd" version="3.0" name="com.development.newswebsite.NewswebsiteApplicationTests" time="9.198" tests="1" errors="0" skipped="0" failures="0">
  <properties>
[...]
</properties>
  <testcase name="contextLoads" classname="com.development.newswebsite.NewswebsiteApplicationTests" time="1.929">
    <system-out><![CDATA[00:23:16.581 [main] INFO org.springframework.test.context.support.AnnotationConfigContextLoaderUtils -- Could not detect default configuration classes for test class [com.development.newswebsite.NewswebsiteApplicationTests]: NewswebsiteApplicationTests does not declare any static, non-private, non-final, nested classes annotated with @Configuration.
00:23:16.741 [main] INFO org.springframework.boot.test.context.SpringBootTestContextBootstrapper -- Found @SpringBootConfiguration com.development.newswebsite.NewswebsiteApplication for test class com.development.newswebsite.NewswebsiteApplicationTests
00:23:17.361 [main] INFO org.springframework.boot.devtools.restart.RestartApplicationListener -- Restart disabled due to context in which it is running

  .   ____          _            __ _ _
 /\\ / ___'_ __ _ _(_)_ __  __ _ \ \ \ \
( ( )\___ | '_ | '_| | '_ \/ _` | \ \ \ \
 \\/  ___)| |_)| | | | | || (_| |  ) ) ) )
  '  |____| .__|_| |_|_| |_\__, | / / / /
 =========|_|==============|___/=/_/_/_/

 :: Spring Boot ::                (v3.3.1)

2024-08-12T00:23:18.207+05:30  INFO 18260 --- [newswebsite] [           main] c.d.n.NewswebsiteApplicationTests        : Starting NewswebsiteApplicationTests using Java 17.0.11 with PID 18260 (started by Hp in C:\Users\Hp\Desktop\BharatSamvad\backend\newswebsite)
2024-08-12T00:23:18.210+05:30  INFO 18260 --- [newswebsite] [           main] c.d.n.NewswebsiteApplicationTests        : No active profile set, falling back to 1 default profile: "default"
2024-08-12T00:23:19.513+05:30  INFO 18260 --- [newswebsite] [           main] .s.d.r.c.RepositoryConfigurationDelegate : Bootstrapping Spring Data MongoDB repositories in DEFAULT mode.
2024-08-12T00:23:19.619+05:30  INFO 18260 --- [newswebsite] [           main] .s.d.r.c.RepositoryConfigurationDelegate : Finished Spring Data repository scanning in 95 ms. Found 1 MongoDB repository interface.
2024-08-12T00:23:20.182+05:30  WARN 18260 --- [newswebsite] [           main] trationDelegate$BeanPostProcessorChecker : Bean 'org.springframework.ws.config.annotation.DelegatingWsConfiguration' of type [org.springframework.ws.config.annotation.DelegatingWsConfiguration$$SpringCGLIB$$0] is not eligible for getting processed by all BeanPostProcessors (for example: not eligible for auto-proxying). The currently created BeanPostProcessor [annotationActionEndpointMapping] is declared through a non-static factory method on that class; consider declaring it as static instead.
2024-08-12T00:23:20.323+05:30  INFO 18260 --- [newswebsite] [           main] .w.s.a.s.AnnotationActionEndpointMapping : Supporting [WS-Addressing August 2004, WS-Addressing 1.0]
2024-08-12T00:23:21.419+05:30  INFO 18260 --- [newswebsite] [           main] org.mongodb.driver.client                : MongoClient with metadata {"driver": {"name": "mongo-java-driver|sync|spring-boot", "version": "5.0.1"}, "os": {"type": "Windows", "name": "Windows 10", "architecture": "amd64", "version": "10.0"}, "platform": "Java/Oracle Corporation/17.0.11+7-LTS-207"} created with settings MongoClientSettings{readPreference=primary, writeConcern=WriteConcern{w=majority, wTimeout=null ms, journal=null}, retryWrites=true, retryReads=true, readConcern=ReadConcern{level=null}, credential=MongoCredential{mechanism=null, userName='naman_deployee', source='admin', password=<hidden>, mechanismProperties=<hidden>}, transportSettings=null, commandListeners=[], codecRegistry=ProvidersCodecRegistry{codecProviders=[ValueCodecProvider{}, BsonValueCodecProvider{}, DBRefCodecProvider{}, DBObjectCodecProvider{}, DocumentCodecProvider{}, CollectionCodecProvider{}, IterableCodecProvider{}, MapCodecProvider{}, GeoJsonCodecProvider{}, GridFSFileCodecProvider{}, Jsr310CodecProvider{}, JsonObjectCodecProvider{}, BsonCodecProvider{}, EnumCodecProvider{}, com.mongodb.client.model.mql.ExpressionCodecProvider@86d6bf7, com.mongodb.Jep395RecordCodecProvider@2fbe26da, com.mongodb.KotlinCodecProvider@4ed15347]}, loggerSettings=LoggerSettings{maxDocumentLength=1000}, clusterSettings={hosts=[127.0.0.1:27017], srvHost=newscluster.rzk3f.mongodb.net, srvServiceName=mongodb, mode=MULTIPLE, requiredClusterType=REPLICA_SET, requiredReplicaSetName='atlas-dkc0dr-shard-0', serverSelector='null', clusterListeners='[]', serverSelectionTimeout='30000 ms', localThreshold='15 ms'}, socketSettings=SocketSettings{connectTimeoutMS=10000, readTimeoutMS=0, receiveBufferSize=0, proxySettings=ProxySettings{host=null, port=null, username=null, password=null}}, heartbeatSocketSettings=SocketSettings{connectTimeoutMS=10000, readTimeoutMS=10000, receiveBufferSize=0, proxySettings=ProxySettings{host=null, port=null, username=null, password=null}}, connectionPoolSettings=ConnectionPoolSettings{maxSize=100, minSize=0, maxWaitTimeMS=120000, maxConnectionLifeTimeMS=0, maxConnectionIdleTimeMS=0, maintenanceInitialDelayMS=0, maintenanceFrequencyMS=60000, connectionPoolListeners=[], maxConnecting=2}, serverSettings=ServerSettings{heartbeatFrequencyMS=10000, minHeartbeatFrequencyMS=500, serverListeners='[]', serverMonitorListeners='[]'}, sslSettings=SslSettings{enabled=true, invalidHostNameAllowed=false, context=null}, applicationName='null', compressorList=[], uuidRepresentation=JAVA_LEGACY, serverApi=null, autoEncryptionSettings=null, dnsClient=null, inetAddressResolver=null, contextProvider=null}
2024-08-12T00:23:21.463+05:30  INFO 18260 --- [newswebsite] [k3f.mongodb.net] org.mongodb.driver.cluster               : Adding discovered server newscluster-shard-00-02.rzk3f.mongodb.net:27017 to client view of cluster
2024-08-12T00:23:21.531+05:30  INFO 18260 --- [newswebsite] [k3f.mongodb.net] org.mongodb.driver.cluster               : Adding discovered server newscluster-shard-00-01.rzk3f.mongodb.net:27017 to client view of cluster
2024-08-12T00:23:21.537+05:30  INFO 18260 --- [newswebsite] [k3f.mongodb.net] org.mongodb.driver.cluster               : Adding discovered server newscluster-shard-00-00.rzk3f.mongodb.net:27017 to client view of cluster
2024-08-12T00:23:22.983+05:30  INFO 18260 --- [newswebsite] [ngodb.net:27017] org.mongodb.driver.cluster               : Monitor thread successfully connected to server with description ServerDescription{address=newscluster-shard-00-00.rzk3f.mongodb.net:27017, type=REPLICA_SET_SECONDARY, state=CONNECTED, ok=true, minWireVersion=0, maxWireVersion=21, maxDocumentSize=16777216, logicalSessionTimeoutMinutes=30, roundTripTimeNanos=500008500, setName='atlas-dkc0dr-shard-0', canonicalAddress=newscluster-shard-00-00.rzk3f.mongodb.net:27017, hosts=[newscluster-shard-00-02.rzk3f.mongodb.net:27017, newscluster-shard-00-01.rzk3f.mongodb.net:27017, newscluster-shard-00-00.rzk3f.mongodb.net:27017], passives=[], arbiters=[], primary='newscluster-shard-00-01.rzk3f.mongodb.net:27017', tagSet=TagSet{[Tag{name='availabilityZone', value='aps1-az1'}, Tag{name='diskState', value='READY'}, Tag{name='nodeType', value='ELECTABLE'}, Tag{name='provider', value='AWS'}, Tag{name='region', value='AP_SOUTH_1'}, Tag{name='workloadType', value='OPERATIONAL'}]}, electionId=null, setVersion=65, topologyVersion=TopologyVersion{processId=66b668dd6d5de997b0139104, counter=4}, lastWriteDate=Mon Aug 12 00:23:23 IST 2024, lastUpdateTimeNanos=215172880823600}
2024-08-12T00:23:22.987+05:30  INFO 18260 --- [newswebsite] [ngodb.net:27017] org.mongodb.driver.cluster               : Monitor thread successfully connected to server with description ServerDescription{address=newscluster-shard-00-01.rzk3f.mongodb.net:27017, type=REPLICA_SET_PRIMARY, state=CONNECTED, ok=true, minWireVersion=0, maxWireVersion=21, maxDocumentSize=16777216, logicalSessionTimeoutMinutes=30, roundTripTimeNanos=730432400, setName='atlas-dkc0dr-shard-0', canonicalAddress=newscluster-shard-00-01.rzk3f.mongodb.net:27017, hosts=[newscluster-shard-00-02.rzk3f.mongodb.net:27017, newscluster-shard-00-01.rzk3f.mongodb.net:27017, newscluster-shard-00-00.rzk3f.mongodb.net:27017], passives=[], arbiters=[], primary='newscluster-shard-00-01.rzk3f.mongodb.net:27017', tagSet=TagSet{[Tag{name='availabilityZone', value='aps1-az3'}, Tag{name='diskState', value='READY'}, Tag{name='nodeType', value='ELECTABLE'}, Tag{name='provider', value='AWS'}, Tag{name='region', value='AP_SOUTH_1'}, Tag{name='workloadType', value='OPERATIONAL'}]}, electionId=7fffffff0000000000000050, setVersion=65, topologyVersion=TopologyVersion{processId=66b66a3093ddca6c488d8c76, counter=6}, lastWriteDate=Mon Aug 12 00:23:23 IST 2024, lastUpdateTimeNanos=215172881212400}
2024-08-12T00:23:22.987+05:30  INFO 18260 --- [newswebsite] [ngodb.net:27017] org.mongodb.driver.cluster               : Monitor thread successfully connected to server with description ServerDescription{address=newscluster-shard-00-02.rzk3f.mongodb.net:27017, type=REPLICA_SET_SECONDARY, state=CONNECTED, ok=true, minWireVersion=0, maxWireVersion=21, maxDocumentSize=16777216, logicalSessionTimeoutMinutes=30, roundTripTimeNanos=730137700, setName='atlas-dkc0dr-shard-0', canonicalAddress=newscluster-shard-00-02.rzk3f.mongodb.net:27017, hosts=[newscluster-shard-00-02.rzk3f.mongodb.net:27017, newscluster-shard-00-01.rzk3f.mongodb.net:27017, newscluster-shard-00-00.rzk3f.mongodb.net:27017], passives=[], arbiters=[], primary='newscluster-shard-00-01.rzk3f.mongodb.net:27017', tagSet=TagSet{[Tag{name='availabilityZone', value='aps1-az2'}, Tag{name='diskState', value='READY'}, Tag{name='nodeType', value='ELECTABLE'}, Tag{name='provider', value='AWS'}, Tag{name='region', value='AP_SOUTH_1'}, Tag{name='workloadType', value='OPERATIONAL'}]}, electionId=null, setVersion=65, topologyVersion=TopologyVersion{processId=66b66bfeb1d236af5e03de27, counter=3}, lastWriteDate=Mon Aug 12 00:23:23 IST 2024, lastUpdateTimeNanos=215172880823800}
2024-08-12T00:23:23.001+05:30  INFO 18260 --- [newswebsite] [ngodb.net:27017] org.mongodb.driver.cluster               : Discovered replica set primary newscluster-shard-00-01.rzk3f.mongodb.net:27017 with max election id 7fffffff0000000000000050 and max set version 65
2024-08-12T00:23:23.432+05:30  INFO 18260 --- [newswebsite] [           main] c.d.n.NewswebsiteApplicationTests        : Started NewswebsiteApplicationTests in 6.123 seconds (process running for 8.215)
]]></system-out>
  </testcase>
</testsuite>